<?xml version="1.0" encoding="UTF-8"?>
<!-- Generated by org.testng.reporters.JUnitReportReporter -->
<testsuite hostname="Nithya" failures="0" tests="2" name="com.pos.project.Posdemo" time="25.407" errors="0" timestamp="2024-07-19T09:48:26 MYT" skipped="0">
  <testcase classname="com.pos.project.Posdemo" name="task1" time="13.439"/>
  <system-out/>
  <testcase classname="com.pos.project.Posdemo" name="test2" time="11.968"/>
  <system-out/>
</testsuite> <!-- com.pos.project.Posdemo -->
